2023/01/06 08:44:34 [notice] 1#1: using the "epoll" event method
2023/01/06 08:44:34 [notice] 1#1: nginx/1.23.3
2023/01/06 08:44:34 [notice] 1#1: built by gcc 10.2.1 20210110 (Debian 10.2.1-6) 
2023/01/06 08:44:34 [notice] 1#1: OS: Linux 5.10.102.1-microsoft-standard-WSL2
2023/01/06 08:44:34 [notice] 1#1: getrlimit(RLIMIT_NOFILE): 1048576:1048576
2023/01/06 08:44:34 [notice] 1#1: start worker processes
2023/01/06 08:44:34 [notice] 1#1: start worker process 29
2023/01/06 08:44:34 [notice] 1#1: start worker process 30
2023/01/06 08:44:34 [notice] 1#1: start worker process 31
2023/01/06 08:44:34 [notice] 1#1: start worker process 32
2023/01/06 08:45:20 [notice] 1#1: signal 3 (SIGQUIT) received, shutting down
2023/01/06 08:45:20 [notice] 29#29: gracefully shutting down
2023/01/06 08:45:20 [notice] 29#29: exiting
2023/01/06 08:45:20 [notice] 30#30: gracefully shutting down
2023/01/06 08:45:20 [notice] 31#31: gracefully shutting down
2023/01/06 08:45:20 [notice] 32#32: gracefully shutting down
2023/01/06 08:45:20 [notice] 29#29: exit
2023/01/06 08:45:20 [notice] 30#30: exiting
2023/01/06 08:45:20 [notice] 31#31: exiting
2023/01/06 08:45:20 [notice] 32#32: exiting
2023/01/06 08:45:20 [notice] 30#30: exit
2023/01/06 08:45:20 [notice] 31#31: exit
2023/01/06 08:45:20 [notice] 32#32: exit
2023/01/06 08:45:20 [notice] 1#1: signal 17 (SIGCHLD) received from 31
2023/01/06 08:45:20 [notice] 1#1: worker process 31 exited with code 0
2023/01/06 08:45:20 [notice] 1#1: signal 29 (SIGIO) received
2023/01/06 08:45:20 [notice] 1#1: signal 17 (SIGCHLD) received from 29
2023/01/06 08:45:20 [notice] 1#1: worker process 29 exited with code 0
2023/01/06 08:45:20 [notice] 1#1: worker process 30 exited with code 0
2023/01/06 08:45:20 [notice] 1#1: worker process 32 exited with code 0
2023/01/06 08:45:20 [notice] 1#1: exit
2023/01/06 08:45:40 [notice] 1#1: using the "epoll" event method
2023/01/06 08:45:40 [notice] 1#1: nginx/1.23.3
2023/01/06 08:45:40 [notice] 1#1: built by gcc 10.2.1 20210110 (Debian 10.2.1-6) 
2023/01/06 08:45:40 [notice] 1#1: OS: Linux 5.10.102.1-microsoft-standard-WSL2
2023/01/06 08:45:40 [notice] 1#1: getrlimit(RLIMIT_NOFILE): 1048576:1048576
2023/01/06 08:45:40 [notice] 1#1: start worker processes
2023/01/06 08:45:40 [notice] 1#1: start worker process 29
2023/01/06 08:45:40 [notice] 1#1: start worker process 30
2023/01/06 08:45:40 [notice] 1#1: start worker process 31
2023/01/06 08:45:40 [notice] 1#1: start worker process 32
2023/01/06 08:48:51 [error] 30#30: *1 FastCGI sent in stderr: "PHP message: PHP Warning:  require(/var/www/html/sunflowerja.local/vendor/composer/../symfony/polyfill-php81/bootstrap.php): Failed to open stream: No such file or directory in /var/www/html/sunflowerja.local/vendor/composer/autoload_real.php on line 55PHP message: PHP Fatal error:  Uncaught Error: Failed opening required '/var/www/html/sunflowerja.local/vendor/composer/../symfony/polyfill-php81/bootstrap.php' (include_path='.:/opt/bitnami/php/lib/php') in /var/www/html/sunflowerja.local/vendor/composer/autoload_real.php:55
Stack trace:
#0 /var/www/html/sunflowerja.local/vendor/composer/autoload_real.php(38): composerRequire1b427fc6adf5d6f3dfa40c65748f9f34()
#1 /var/www/html/sunflowerja.local/vendor/autoload.php(25): ComposerAutoloaderInit1b427fc6adf5d6f3dfa40c65748f9f34::getLoader()
#2 /var/www/html/sunflowerja.local/public/index.php(34): require('...')
#3 {main}
  thrown in /var/www/html/sunflowerja.local/vendor/composer/autoload_real.php on line 55" while reading response header from upstream, client: 172.21.0.1, server: sunflowerja.local, request: "GET / HTTP/1.1", upstream: "fastcgi://172.21.0.2:9000", host: "sunflowerja.local:8181"
2023/01/06 08:59:46 [notice] 1#1: signal 3 (SIGQUIT) received, shutting down
2023/01/06 08:59:46 [notice] 29#29: gracefully shutting down
2023/01/06 08:59:46 [notice] 30#30: gracefully shutting down
2023/01/06 08:59:46 [notice] 32#32: gracefully shutting down
2023/01/06 08:59:46 [notice] 29#29: exiting
2023/01/06 08:59:46 [notice] 29#29: exit
2023/01/06 08:59:46 [notice] 31#31: gracefully shutting down
2023/01/06 08:59:46 [notice] 31#31: exiting
2023/01/06 08:59:46 [notice] 30#30: exiting
2023/01/06 08:59:46 [notice] 32#32: exiting
2023/01/06 08:59:46 [notice] 31#31: exit
2023/01/06 08:59:46 [notice] 30#30: exit
2023/01/06 08:59:46 [notice] 32#32: exit
2023/01/06 08:59:46 [notice] 1#1: signal 17 (SIGCHLD) received from 29
2023/01/06 08:59:46 [notice] 1#1: worker process 29 exited with code 0
2023/01/06 08:59:46 [notice] 1#1: worker process 30 exited with code 0
2023/01/06 08:59:46 [notice] 1#1: signal 29 (SIGIO) received
2023/01/06 08:59:46 [notice] 1#1: signal 17 (SIGCHLD) received from 32
2023/01/06 08:59:46 [notice] 1#1: worker process 32 exited with code 0
2023/01/06 08:59:46 [notice] 1#1: signal 29 (SIGIO) received
2023/01/06 08:59:46 [notice] 1#1: signal 17 (SIGCHLD) received from 31
2023/01/06 08:59:46 [notice] 1#1: worker process 31 exited with code 0
2023/01/06 08:59:46 [notice] 1#1: exit
2023/01/06 09:29:00 [notice] 1#1: using the "epoll" event method
2023/01/06 09:29:00 [notice] 1#1: nginx/1.23.3
2023/01/06 09:29:00 [notice] 1#1: built by gcc 10.2.1 20210110 (Debian 10.2.1-6) 
2023/01/06 09:29:00 [notice] 1#1: OS: Linux 5.10.102.1-microsoft-standard-WSL2
2023/01/06 09:29:00 [notice] 1#1: getrlimit(RLIMIT_NOFILE): 1048576:1048576
2023/01/06 09:29:00 [notice] 1#1: start worker processes
2023/01/06 09:29:00 [notice] 1#1: start worker process 29
2023/01/06 09:29:00 [notice] 1#1: start worker process 30
2023/01/06 09:29:00 [notice] 1#1: start worker process 31
2023/01/06 09:29:00 [notice] 1#1: start worker process 32
2023/01/06 09:37:25 [error] 29#29: *2 rewrite or internal redirection cycle while internally redirecting to "/index.php", client: 172.22.0.1, server: myweb.local, request: "GET / HTTP/1.1", host: "myweb.local:8181"
2023/01/06 09:37:25 [error] 30#30: *1 open() "/var/www/html/myweb.local/public/favicon.ico" failed (2: No such file or directory), client: 172.22.0.1, server: myweb.local, request: "GET /favicon.ico HTTP/1.1", host: "myweb.local:8181", referrer: "http://myweb.local:8181/"
2023/01/06 09:37:53 [error] 30#30: *1 rewrite or internal redirection cycle while internally redirecting to "/index.php", client: 172.22.0.1, server: myweb.local, request: "GET / HTTP/1.1", host: "myweb.local:8181"
2023/01/06 10:28:41 [notice] 1#1: signal 3 (SIGQUIT) received, shutting down
2023/01/06 10:28:41 [notice] 29#29: gracefully shutting down
2023/01/06 10:28:41 [notice] 30#30: gracefully shutting down
2023/01/06 10:28:41 [notice] 31#31: gracefully shutting down
2023/01/06 10:28:41 [notice] 32#32: gracefully shutting down
2023/01/06 10:28:41 [notice] 29#29: exiting
2023/01/06 10:28:41 [notice] 31#31: exiting
2023/01/06 10:28:41 [notice] 30#30: exiting
2023/01/06 10:28:41 [notice] 29#29: exit
2023/01/06 10:28:41 [notice] 30#30: exit
2023/01/06 10:28:41 [notice] 32#32: exiting
2023/01/06 10:28:41 [notice] 31#31: exit
2023/01/06 10:28:41 [notice] 32#32: exit
2023/01/06 10:28:41 [notice] 1#1: signal 17 (SIGCHLD) received from 29
2023/01/06 10:28:41 [notice] 1#1: worker process 29 exited with code 0
2023/01/06 10:28:41 [notice] 1#1: signal 29 (SIGIO) received
2023/01/06 10:28:41 [notice] 1#1: signal 17 (SIGCHLD) received from 32
2023/01/06 10:28:41 [notice] 1#1: worker process 30 exited with code 0
2023/01/06 10:28:41 [notice] 1#1: worker process 31 exited with code 0
2023/01/06 10:28:41 [notice] 1#1: worker process 32 exited with code 0
2023/01/06 10:28:41 [notice] 1#1: exit
2023/01/06 10:28:43 [notice] 1#1: using the "epoll" event method
2023/01/06 10:28:43 [notice] 1#1: nginx/1.23.3
2023/01/06 10:28:43 [notice] 1#1: built by gcc 10.2.1 20210110 (Debian 10.2.1-6) 
2023/01/06 10:28:43 [notice] 1#1: OS: Linux 5.10.102.1-microsoft-standard-WSL2
2023/01/06 10:28:43 [notice] 1#1: getrlimit(RLIMIT_NOFILE): 1048576:1048576
2023/01/06 10:28:43 [notice] 1#1: start worker processes
2023/01/06 10:28:43 [notice] 1#1: start worker process 29
2023/01/06 10:28:43 [notice] 1#1: start worker process 30
2023/01/06 10:28:43 [notice] 1#1: start worker process 31
2023/01/06 10:28:43 [notice] 1#1: start worker process 32
2023/01/06 10:37:10 [error] 31#31: *4 open() "/var/www/html/myweb.local/public/favicon.ico" failed (2: No such file or directory), client: 172.22.0.1, server: myweb.local, request: "GET /favicon.ico HTTP/1.1", host: "myweb.local:8181", referrer: "http://myweb.local:8181/"
2023/01/06 10:38:43 [error] 29#29: *8 open() "/var/www/html/myweb.local/public/favicon.ico" failed (2: No such file or directory), client: 172.22.0.1, server: myweb.local, request: "GET /favicon.ico HTTP/1.1", host: "myweb.local:8181", referrer: "http://myweb.local:8181/"
2023/01/06 10:40:36 [notice] 1#1: signal 3 (SIGQUIT) received, shutting down
2023/01/06 10:40:36 [notice] 29#29: gracefully shutting down
2023/01/06 10:40:36 [notice] 32#32: gracefully shutting down
2023/01/06 10:40:36 [notice] 30#30: gracefully shutting down
2023/01/06 10:40:36 [notice] 30#30: exiting
2023/01/06 10:40:36 [notice] 31#31: gracefully shutting down
2023/01/06 10:40:36 [notice] 32#32: exiting
2023/01/06 10:40:36 [notice] 30#30: exit
2023/01/06 10:40:36 [notice] 29#29: exiting
2023/01/06 10:40:36 [notice] 31#31: exiting
2023/01/06 10:40:36 [notice] 29#29: exit
2023/01/06 10:40:36 [notice] 31#31: exit
2023/01/06 10:40:36 [notice] 32#32: exit
2023/01/06 10:40:36 [notice] 1#1: signal 17 (SIGCHLD) received from 31
2023/01/06 10:40:36 [notice] 1#1: worker process 29 exited with code 0
2023/01/06 10:40:36 [notice] 1#1: worker process 31 exited with code 0
2023/01/06 10:40:36 [notice] 1#1: signal 29 (SIGIO) received
2023/01/06 10:40:36 [notice] 1#1: signal 17 (SIGCHLD) received from 29
2023/01/06 10:40:36 [notice] 1#1: signal 17 (SIGCHLD) received from 30
2023/01/06 10:40:36 [notice] 1#1: worker process 30 exited with code 0
2023/01/06 10:40:36 [notice] 1#1: signal 29 (SIGIO) received
2023/01/06 10:40:36 [notice] 1#1: signal 17 (SIGCHLD) received from 32
2023/01/06 10:40:36 [notice] 1#1: worker process 32 exited with code 0
2023/01/06 10:40:36 [notice] 1#1: exit
2023/01/09 03:56:36 [notice] 1#1: using the "epoll" event method
2023/01/09 03:56:36 [notice] 1#1: nginx/1.23.3
2023/01/09 03:56:36 [notice] 1#1: built by gcc 10.2.1 20210110 (Debian 10.2.1-6) 
2023/01/09 03:56:36 [notice] 1#1: OS: Linux 5.10.102.1-microsoft-standard-WSL2
2023/01/09 03:56:36 [notice] 1#1: getrlimit(RLIMIT_NOFILE): 1048576:1048576
2023/01/09 03:56:36 [notice] 1#1: start worker processes
2023/01/09 03:56:36 [notice] 1#1: start worker process 22
2023/01/09 03:56:36 [notice] 1#1: start worker process 23
2023/01/09 03:56:36 [notice] 1#1: start worker process 24
2023/01/09 03:56:36 [notice] 1#1: start worker process 25
2023/01/09 06:07:54 [notice] 1#1: using the "epoll" event method
2023/01/09 06:07:54 [notice] 1#1: nginx/1.23.3
2023/01/09 06:07:54 [notice] 1#1: built by gcc 10.2.1 20210110 (Debian 10.2.1-6) 
2023/01/09 06:07:54 [notice] 1#1: OS: Linux 5.10.102.1-microsoft-standard-WSL2
2023/01/09 06:07:54 [notice] 1#1: getrlimit(RLIMIT_NOFILE): 1048576:1048576
2023/01/09 06:07:54 [notice] 1#1: start worker processes
2023/01/09 06:07:54 [notice] 1#1: start worker process 29
2023/01/09 06:07:54 [notice] 1#1: start worker process 30
2023/01/09 06:07:54 [notice] 1#1: start worker process 31
2023/01/09 06:07:54 [notice] 1#1: start worker process 32
2023/01/09 06:19:23 [notice] 1#1: signal 3 (SIGQUIT) received, shutting down
2023/01/09 06:19:23 [notice] 29#29: gracefully shutting down
2023/01/09 06:19:23 [notice] 31#31: gracefully shutting down
2023/01/09 06:19:23 [notice] 30#30: gracefully shutting down
2023/01/09 06:19:23 [notice] 32#32: gracefully shutting down
2023/01/09 06:19:23 [notice] 29#29: exiting
2023/01/09 06:19:23 [notice] 31#31: exiting
2023/01/09 06:19:23 [notice] 30#30: exiting
2023/01/09 06:19:23 [notice] 32#32: exiting
2023/01/09 06:19:23 [notice] 29#29: exit
2023/01/09 06:19:23 [notice] 31#31: exit
2023/01/09 06:19:23 [notice] 30#30: exit
2023/01/09 06:19:23 [notice] 32#32: exit
2023/01/09 06:19:23 [notice] 1#1: signal 17 (SIGCHLD) received from 30
2023/01/09 06:19:23 [notice] 1#1: worker process 29 exited with code 0
2023/01/09 06:19:23 [notice] 1#1: worker process 30 exited with code 0
2023/01/09 06:19:23 [notice] 1#1: worker process 31 exited with code 0
2023/01/09 06:19:23 [notice] 1#1: signal 29 (SIGIO) received
2023/01/09 06:19:23 [notice] 1#1: signal 17 (SIGCHLD) received from 29
2023/01/09 06:19:23 [notice] 1#1: signal 17 (SIGCHLD) received from 32
2023/01/09 06:19:23 [notice] 1#1: worker process 32 exited with code 0
2023/01/09 06:19:23 [notice] 1#1: exit
2023/01/09 06:19:24 [notice] 1#1: using the "epoll" event method
2023/01/09 06:19:24 [notice] 1#1: nginx/1.23.3
2023/01/09 06:19:24 [notice] 1#1: built by gcc 10.2.1 20210110 (Debian 10.2.1-6) 
2023/01/09 06:19:24 [notice] 1#1: OS: Linux 5.10.102.1-microsoft-standard-WSL2
2023/01/09 06:19:24 [notice] 1#1: getrlimit(RLIMIT_NOFILE): 1048576:1048576
2023/01/09 06:19:24 [notice] 1#1: start worker processes
2023/01/09 06:19:24 [notice] 1#1: start worker process 29
2023/01/09 06:19:24 [notice] 1#1: start worker process 30
2023/01/09 06:19:24 [notice] 1#1: start worker process 31
2023/01/09 06:19:24 [notice] 1#1: start worker process 32
